<?xml version="1.0" encoding="UTF-8"?>
<!-- Generated by org.testng.reporters.JUnitXMLReporter -->
<testsuite ignored="0" hostname="Honey" failures="0" tests="3" name="Default test" time="28.869" errors="0" timestamp="2025-10-14T13:06:49 IST">
  <testcase classname="testCases.TC021" name="verifyRegisterAccopuntInDefferentTestEnvironments" time="8.685"/>
  <testcase classname="testCases.TC021" name="verifyRegisterAccopuntInDefferentTestEnvironments" time="6.979"/>
  <testcase classname="testCases.TC021" name="verifyRegisterAccopuntInDefferentTestEnvironments" time="11.056"/>
</testsuite> <!-- Default test -->
