<?xml version="1.0" encoding="UTF-8"?>
<testng-results ignored="0" total="1" passed="1" failed="0" skipped="0">
  <reporter-output>
  </reporter-output>
  <suite started-at="2025-08-28T18:14:39 IST" name="Default suite" finished-at="2025-08-28T18:14:46 IST" duration-ms="6280">
    <groups>
    </groups>
    <test started-at="2025-08-28T18:14:39 IST" name="Default test" finished-at="2025-08-28T18:14:46 IST" duration-ms="6280">
      <class name="testCases.TC001_AccountRegistrationTest">
        <test-method signature="AccountRigister()[pri:0, instance:testCases.TC001_AccountRegistrationTest@6a78afa0]" started-at="2025-08-28T18:14:39 IST" name="AccountRigister" finished-at="2025-08-28T18:14:46 IST" duration-ms="6245" status="PASS">
          <reporter-output>
          </reporter-output>
        </test-method> <!-- AccountRigister -->
      </class> <!-- testCases.TC001_AccountRegistrationTest -->
    </test> <!-- Default test -->
  </suite> <!-- Default suite -->
</testng-results>
